  Main.cpp
C:\Users\Tomohito.H\source\repos\TMJN-P\Climbing\Climbing\Main.cpp(52,1): warning C4267: '初期化中': 'size_t' から 'int' に変換しました。データが失われているかもしれません。
C:\Users\Tomohito.H\source\repos\TMJN-P\Climbing\Climbing\Main.cpp(59,1): warning C4267: '初期化中': 'size_t' から 'int' に変換しました。データが失われているかもしれません。
C:\Users\Tomohito.H\source\repos\TMJN-P\Climbing\Climbing\Main.cpp(417,18): warning C4244: '引数': 'double' から 'int' への変換です。データが失われる可能性があります。
C:\Users\Tomohito.H\source\repos\TMJN-P\Climbing\Climbing\Main.cpp(425,22): warning C4244: '引数': 'double' から 'int' への変換です。データが失われる可能性があります。
C:\Users\Tomohito.H\source\repos\TMJN-P\Climbing\Climbing\Main.cpp(427,26): warning C4244: '引数': 'double' から 'int' への変換です。データが失われる可能性があります。
C:\Users\Tomohito.H\source\repos\TMJN-P\Climbing\Climbing\Main.cpp(485,18): warning C4244: '引数': 'double' から 'int' への変換です。データが失われる可能性があります。
C:\Users\Tomohito.H\source\repos\TMJN-P\Climbing\Climbing\Main.cpp(493,22): warning C4244: '引数': 'double' から 'int' への変換です。データが失われる可能性があります。
C:\Users\Tomohito.H\source\repos\TMJN-P\Climbing\Climbing\Main.cpp(495,26): warning C4244: '引数': 'double' から 'int' への変換です。データが失われる可能性があります。
C:\Users\Tomohito.H\source\repos\TMJN-P\Climbing\Climbing\Main.cpp(562,24): warning C4244: '=': 's3d::Circle::value_type' から '_Ty' への変換です。データが失われる可能性があります。
C:\Users\Tomohito.H\source\repos\TMJN-P\Climbing\Climbing\Main.cpp(562,24): warning C4244:         with
C:\Users\Tomohito.H\source\repos\TMJN-P\Climbing\Climbing\Main.cpp(562,24): warning C4244:         [
C:\Users\Tomohito.H\source\repos\TMJN-P\Climbing\Climbing\Main.cpp(562,24): warning C4244:             _Ty=int
C:\Users\Tomohito.H\source\repos\TMJN-P\Climbing\Climbing\Main.cpp(562,24): warning C4244:         ]
C:\Users\Tomohito.H\source\repos\TMJN-P\Climbing\Climbing\Main.cpp(585,18): warning C4244: '引数': 'double' から 'int' への変換です。データが失われる可能性があります。
C:\Users\Tomohito.H\source\repos\TMJN-P\Climbing\Climbing\Main.cpp(593,22): warning C4244: '引数': 'double' から 'int' への変換です。データが失われる可能性があります。
C:\Users\Tomohito.H\source\repos\TMJN-P\Climbing\Climbing\Main.cpp(595,26): warning C4244: '引数': 'double' から 'int' への変換です。データが失われる可能性があります。
C:\Users\Tomohito.H\source\repos\TMJN-P\Climbing\Climbing\Main.cpp(630,18): warning C4244: '引数': 'double' から 'int' への変換です。データが失われる可能性があります。
C:\Users\Tomohito.H\source\repos\TMJN-P\Climbing\Climbing\Main.cpp(638,22): warning C4244: '引数': 'double' から 'int' への変換です。データが失われる可能性があります。
C:\Users\Tomohito.H\source\repos\TMJN-P\Climbing\Climbing\Main.cpp(640,26): warning C4244: '引数': 'double' から 'int' への変換です。データが失われる可能性があります。
C:\Users\Tomohito.H\source\repos\TMJN-P\Climbing\Climbing\Main.cpp(426): warning C4701: 初期化されていない可能性のあるローカル変数 'mode' が使用されます
C:\Users\Tomohito.H\source\repos\TMJN-P\Climbing\Climbing\Main.cpp(447): warning C4701: 初期化されていない可能性のあるローカル変数 'timer' が使用されます
C:\Users\Tomohito.H\source\repos\TMJN-P\Climbing\Climbing\Main.cpp(433): warning C4701: 初期化されていない可能性のあるローカル変数 'difficulty' が使用されます
     ライブラリ C:\Users\Tomohito.H\source\repos\TMJN-P\Climbing\Intermediate\Climbing\Debug\Climbing(debug).lib とオブジェクト C:\Users\Tomohito.H\source\repos\TMJN-P\Climbing\Intermediate\Climbing\Debug\Climbing(debug).exp を作成中
  Climbing.vcxproj -> C:\Users\Tomohito.H\source\repos\TMJN-P\Climbing\Intermediate\Climbing\Debug\Climbing(debug).exe
  C:\Users\Tomohito.H\source\repos\TMJN-P\Climbing\Intermediate\Climbing\Debug\Climbing(debug).exe
  1 個のファイルをコピーしました
